2025-06-17 01:36:24 | INFO | User profile accessed: ID=7300593025, Action=ProfileView
2025-06-17 01:36:25 | INFO | User profile accessed: ID=7300593025, Action=ProfileView
2025-06-17 01:37:24 | INFO | User profile accessed: ID=7300593025, Action=ProfileView
2025-06-17 01:37:24 | INFO | User profile accessed: ID=7300593025, Action=ProfileView
2025-06-17 01:38:07 | INFO | User profile accessed: ID=7300593025, Action=ProfileView
2025-06-17 01:38:07 | INFO | User profile accessed: ID=7300593025, Action=ProfileView
2025-06-17 01:39:14 | INFO | User profile accessed: ID=7300593025, Action=ProfileView
2025-06-17 01:39:14 | INFO | User profile accessed: ID=7300593025, Action=ProfileView
2025-06-17 01:39:16 | INFO | User profile accessed: ID=7300593025, Action=ProfileView
2025-06-17 01:39:16 | INFO | User profile accessed: ID=7300593025, Action=ProfileView
2025-06-17 01:39:34 | INFO | User profile accessed: ID=7300593025, Action=ProfileView
2025-06-17 01:39:34 | INFO | User profile accessed: ID=7300593025, Action=ProfileView
2025-06-17 01:39:41 | INFO | User profile accessed: ID=7300593025, Action=ProfileView
2025-06-17 01:40:17 | INFO | Retrieved tarot history for user 7300593025
2025-06-17 01:41:57 | INFO | User profile accessed: ID=7300593025, Action=ProfileView
2025-06-17 01:41:57 | INFO | User profile accessed: ID=7300593025, Action=ProfileView
2025-06-17 01:42:07 | INFO | User profile accessed: ID=7300593025, Action=ProfileView
2025-06-17 01:42:34 | INFO | User profile accessed: ID=7300593025, Action=ProfileView
2025-06-17 01:42:34 | INFO | User profile accessed: ID=7300593025, Action=ProfileView
2025-06-17 01:43:56 | INFO | Retrieved tarot history for user 7300593025
2025-06-17 01:43:56 | INFO | Retrieved tarot history for user 7300593025
2025-06-17 01:43:58 | INFO | Retrieved tarot history for user 7300593025
2025-06-17 01:43:58 | INFO | Retrieved tarot history for user 7300593025
2025-06-17 01:46:04 | INFO | Retrieved tarot history for user 7300593025
2025-06-17 01:46:04 | INFO | Retrieved tarot history for user 7300593025
2025-06-17 01:46:06 | INFO | Retrieved tarot history for user 7300593025
2025-06-17 01:46:06 | INFO | Retrieved tarot history for user 7300593025
2025-06-17 01:47:02 | INFO | Retrieved tarot history for user 7300593025
2025-06-17 01:47:02 | INFO | Retrieved tarot history for user 7300593025
2025-06-17 01:47:43 | INFO | User profile accessed: ID=7300593025, Action=ProfileView
2025-06-17 01:47:43 | INFO | User profile accessed: ID=7300593025, Action=ProfileView
2025-06-17 01:47:46 | INFO | Retrieved tarot history for user 7300593025
2025-06-17 01:47:46 | INFO | Retrieved tarot history for user 7300593025
2025-06-17 01:47:47 | INFO | User profile accessed: ID=7300593025, Action=ProfileView
2025-06-17 01:47:47 | INFO | User profile accessed: ID=7300593025, Action=ProfileView
2025-06-17 01:47:48 | INFO | Retrieved tarot history for user 7300593025
2025-06-17 01:47:48 | INFO | Retrieved tarot history for user 7300593025
2025-06-17 01:47:52 | INFO | Retrieved tarot history for user 7300593025
2025-06-17 01:48:20 | INFO | Retrieved tarot history for user 7300593025
2025-06-17 01:50:06 | INFO | Retrieved tarot history for user 7300593025
2025-06-17 01:50:21 | INFO | Retrieved tarot history for user 7300593025
2025-06-17 01:50:21 | INFO | Retrieved tarot history for user 7300593025
2025-06-17 01:50:31 | INFO | Retrieved tarot history for user 7300593025
2025-06-17 01:50:31 | INFO | Retrieved tarot history for user 7300593025
2025-06-17 01:51:19 | INFO | Retrieved tarot history for user 7300593025
2025-06-17 01:57:51 | INFO | Retrieved tarot history for user 7300593025
2025-06-17 01:57:51 | INFO | Retrieved tarot history for user 7300593025
2025-06-17 01:57:53 | INFO | Deleted history for user 7300593025, 13 records removed
2025-06-17 01:58:06 | INFO | User profile accessed: ID=7300593025, Action=ProfileView
2025-06-17 01:58:06 | INFO | User profile accessed: ID=7300593025, Action=ProfileView
2025-06-17 01:58:31 | INFO | Retrieved tarot history for user 7300593025
2025-06-17 01:58:31 | INFO | Retrieved tarot history for user 7300593025
2025-06-17 01:58:32 | INFO | User profile accessed: ID=7300593025, Action=ProfileView
2025-06-17 01:58:32 | INFO | User profile accessed: ID=7300593025, Action=ProfileView
2025-06-17 02:05:43 | INFO | Sending AI prompt request with question: Интерпретируй изображение кофейной гущи в контекст...
2025-06-17 02:05:44 | ERROR | No valid response choices from AI API
2025-06-17 02:05:44 | INFO | AI interpretation generated for coffee fortune with question: фывафывафывпфывп...
2025-06-17 02:05:44 | INFO | Coffee fortune completed for user 7300593025 with question: фывафывафывпфывп
2025-06-17 02:10:14 | INFO | Sending AI prompt request with question: Интерпретируй изображение кофейной гущи в контекст...
2025-06-17 02:10:15 | ERROR | No valid response choices from AI API
2025-06-17 02:10:15 | INFO | AI interpretation generated for coffee fortune with question: asdfasdf...
2025-06-17 02:10:15 | INFO | Coffee fortune completed for user 7300593025 with question: asdfasdf
2025-06-17 02:10:23 | INFO | Retrieved tarot history for user 7300593025
2025-06-17 02:10:23 | INFO | Retrieved tarot history for user 7300593025
2025-06-17 02:17:18 | INFO | User profile accessed: ID=7300593025, Action=ProfileView
2025-06-17 02:17:18 | INFO | User profile accessed: ID=7300593025, Action=ProfileView
2025-06-17 02:17:21 | INFO | Retrieved tarot history for user 7300593025
2025-06-17 02:17:21 | INFO | Retrieved tarot history for user 7300593025
2025-06-17 02:17:22 | INFO | User profile accessed: ID=7300593025, Action=ProfileView
2025-06-17 02:17:22 | INFO | User profile accessed: ID=7300593025, Action=ProfileView
2025-06-17 02:59:23 | INFO | User profile accessed: ID=7300593025, Action=ProfileView
2025-06-17 02:59:23 | INFO | User profile accessed: ID=7300593025, Action=ProfileView
2025-06-17 02:59:26 | INFO | Retrieved tarot history for user 7300593025
2025-06-17 02:59:26 | INFO | Retrieved tarot history for user 7300593025
2025-06-17 03:13:22 | INFO | Retrieved tarot history for user 7300593025
2025-06-17 03:13:22 | INFO | Retrieved tarot history for user 7300593025
2025-06-17 03:13:30 | INFO | User profile accessed: ID=7300593025, Action=ProfileView
2025-06-17 03:13:30 | INFO | User profile accessed: ID=7300593025, Action=ProfileView
