2025-07-01 14:00:10 | INFO | User profile accessed: ID=7300593025, Action=ProfileView
2025-07-01 14:00:10 | INFO | User profile accessed: ID=7300593025, Action=ProfileView
2025-07-01 14:00:12 | INFO | Retrieved tarot history for user 7300593025
2025-07-01 14:00:12 | INFO | Retrieved tarot history for user 7300593025
2025-07-01 14:00:13 | INFO | User profile accessed: ID=7300593025, Action=ProfileView
2025-07-01 14:00:13 | INFO | User profile accessed: ID=7300593025, Action=ProfileView
2025-07-01 14:12:29 | INFO | User profile accessed: ID=7300593025, Action=ProfileView
2025-07-01 14:12:49 | INFO | User profile accessed: ID=7300593025, Action=ProfileView
2025-07-01 14:15:33 | INFO | User profile accessed: ID=7300593025, Action=ProfileView
2025-07-01 14:15:42 | INFO | User profile accessed: ID=7300593025, Action=ProfileView
2025-07-01 14:16:53 | INFO | User profile accessed: ID=7300593025, Action=ProfileView
2025-07-01 14:17:57 | INFO | User profile accessed: ID=7300593025, Action=ProfileView
2025-07-01 14:18:51 | INFO | User profile accessed: ID=7300593025, Action=ProfileView
2025-07-01 14:19:10 | INFO | User profile accessed: ID=7300593025, Action=ProfileView
2025-07-01 14:19:10 | INFO | User profile accessed: ID=7300593025, Action=ProfileView
2025-07-01 15:17:19 | INFO | User profile accessed: ID=7300593025, Action=ProfileView
2025-07-01 15:17:25 | INFO | User profile accessed: ID=7300593025, Action=ProfileView
2025-07-01 15:17:25 | INFO | User profile accessed: ID=7300593025, Action=ProfileView
2025-07-01 15:17:36 | INFO | User profile accessed: ID=7300593025, Action=ProfileView
2025-07-01 15:17:36 | INFO | User profile accessed: ID=7300593025, Action=ProfileView
2025-07-01 15:17:49 | INFO | User profile accessed: ID=7300593025, Action=ProfileView
2025-07-01 15:18:00 | INFO | User profile accessed: ID=7300593025, Action=ProfileView
2025-07-01 15:18:09 | INFO | User profile accessed: ID=7300593025, Action=ProfileView
2025-07-01 15:18:09 | INFO | User profile accessed: ID=7300593025, Action=ProfileView
2025-07-01 15:22:10 | INFO | User profile accessed: ID=7300593025, Action=ProfileView
2025-07-01 15:22:36 | INFO | User profile accessed: ID=7300593025, Action=ProfileView
2025-07-01 15:22:36 | INFO | User profile accessed: ID=7300593025, Action=ProfileView
2025-07-01 15:22:56 | INFO | User profile accessed: ID=7300593025, Action=ProfileView
2025-07-01 15:38:24 | INFO | User profile accessed: ID=7300593025, Action=ProfileView
2025-07-01 15:41:44 | INFO | User profile accessed: ID=7300593025, Action=ProfileView
2025-07-01 15:41:51 | INFO | User profile accessed: ID=7300593025, Action=ProfileView
2025-07-01 15:41:51 | INFO | User profile accessed: ID=7300593025, Action=ProfileView
2025-07-01 15:49:48 | INFO | User profile accessed: ID=7300593025, Action=ProfileView
2025-07-01 15:49:48 | INFO | User profile accessed: ID=7300593025, Action=ProfileView
2025-07-01 15:49:56 | INFO | User profile accessed: ID=7300593025, Action=ProfileView
2025-07-01 15:49:56 | INFO | User profile accessed: ID=7300593025, Action=ProfileView
2025-07-01 15:51:49 | INFO | User profile accessed: ID=7300593025, Action=ProfileView
2025-07-01 15:54:13 | INFO | User profile accessed: ID=7300593025, Action=ProfileView
2025-07-01 15:54:13 | INFO | User profile accessed: ID=7300593025, Action=ProfileView
2025-07-01 15:54:16 | INFO | User profile accessed: ID=7300593025, Action=ProfileView
2025-07-01 15:54:16 | INFO | User profile accessed: ID=7300593025, Action=ProfileView
2025-07-01 15:54:17 | INFO | Retrieved tarot history for user 7300593025
2025-07-01 15:54:17 | INFO | Retrieved tarot history for user 7300593025
2025-07-01 15:54:17 | INFO | User profile accessed: ID=7300593025, Action=ProfileView
2025-07-01 15:54:17 | INFO | User profile accessed: ID=7300593025, Action=ProfileView
2025-07-01 15:56:56 | INFO | User profile accessed: ID=7300593025, Action=ProfileView
2025-07-01 15:56:58 | INFO | User profile accessed: ID=7300593025, Action=ProfileView
2025-07-01 15:56:58 | INFO | User profile accessed: ID=7300593025, Action=ProfileView
2025-07-01 15:57:25 | INFO | User profile accessed: ID=7300593025, Action=ProfileView
2025-07-01 15:57:50 | INFO | User profile accessed: ID=7300593025, Action=ProfileView
2025-07-01 15:58:07 | INFO | User profile accessed: ID=7300593025, Action=ProfileView
2025-07-01 15:58:07 | INFO | User profile accessed: ID=7300593025, Action=ProfileView
2025-07-01 15:58:20 | INFO | User profile accessed: ID=7300593025, Action=ProfileView
2025-07-01 15:58:40 | INFO | User profile accessed: ID=7300593025, Action=ProfileView
2025-07-01 15:59:00 | INFO | User profile accessed: ID=7300593025, Action=ProfileView
2025-07-01 15:59:25 | INFO | User profile accessed: ID=7300593025, Action=ProfileView
2025-07-01 15:59:34 | INFO | User profile accessed: ID=7300593025, Action=ProfileView
2025-07-01 15:59:34 | INFO | User profile accessed: ID=7300593025, Action=ProfileView
2025-07-01 15:59:38 | INFO | Retrieved tarot history for user 7300593025
2025-07-01 15:59:39 | INFO | Retrieved tarot history for user 7300593025
2025-07-01 15:59:40 | INFO | User profile accessed: ID=7300593025, Action=ProfileView
2025-07-01 15:59:40 | INFO | User profile accessed: ID=7300593025, Action=ProfileView
2025-07-01 16:00:23 | INFO | User profile accessed: ID=7300593025, Action=ProfileView
2025-07-01 16:00:29 | INFO | User profile accessed: ID=7300593025, Action=ProfileView
2025-07-01 16:01:17 | INFO | Retrieved tarot history for user 7300593025
2025-07-01 16:01:17 | INFO | Retrieved tarot history for user 7300593025
2025-07-01 16:02:32 | INFO | Retrieved tarot history for user 7300593025
2025-07-01 16:02:32 | INFO | Retrieved tarot history for user 7300593025
2025-07-01 16:03:39 | INFO | User profile accessed: ID=7300593025, Action=ProfileView
2025-07-01 16:03:39 | INFO | User profile accessed: ID=7300593025, Action=ProfileView
2025-07-01 16:06:10 | INFO | User profile accessed: ID=7300593025, Action=ProfileView
2025-07-01 16:06:10 | INFO | User profile accessed: ID=7300593025, Action=ProfileView
2025-07-01 16:06:12 | INFO | User profile accessed: ID=7300593025, Action=ProfileView
2025-07-01 16:06:12 | INFO | User profile accessed: ID=7300593025, Action=ProfileView
2025-07-01 16:06:21 | INFO | User profile accessed: ID=7300593025, Action=ProfileView
2025-07-01 16:13:53 | INFO | User profile accessed: ID=7300593025, Action=ProfileView
2025-07-01 16:14:37 | INFO | User profile accessed: ID=7300593025, Action=ProfileView
2025-07-01 16:14:44 | INFO | User profile accessed: ID=7300593025, Action=ProfileView
2025-07-01 16:14:52 | INFO | User profile accessed: ID=7300593025, Action=ProfileView
2025-07-01 16:14:52 | INFO | User profile accessed: ID=7300593025, Action=ProfileView
2025-07-01 16:15:07 | INFO | User profile accessed: ID=7300593025, Action=ProfileView
2025-07-01 16:15:18 | INFO | User profile accessed: ID=7300593025, Action=ProfileView
2025-07-01 16:15:22 | INFO | User profile accessed: ID=7300593025, Action=ProfileView
2025-07-01 16:15:41 | INFO | User profile accessed: ID=7300593025, Action=ProfileView
2025-07-01 16:16:10 | INFO | User profile accessed: ID=7300593025, Action=ProfileView
2025-07-01 16:16:15 | INFO | User profile accessed: ID=7300593025, Action=ProfileView
2025-07-01 16:16:16 | INFO | User profile accessed: ID=7300593025, Action=ProfileView
2025-07-01 16:16:23 | INFO | User profile accessed: ID=7300593025, Action=ProfileView
2025-07-01 16:16:23 | INFO | User profile accessed: ID=7300593025, Action=ProfileView
2025-07-01 16:16:35 | INFO | User profile accessed: ID=7300593025, Action=ProfileView
2025-07-01 16:16:46 | INFO | User profile accessed: ID=7300593025, Action=ProfileView
2025-07-01 16:16:46 | INFO | User profile accessed: ID=7300593025, Action=ProfileView
2025-07-01 16:16:52 | INFO | Retrieved tarot history for user 7300593025
2025-07-01 16:16:52 | INFO | Retrieved tarot history for user 7300593025
2025-07-01 16:16:53 | INFO | User profile accessed: ID=7300593025, Action=ProfileView
2025-07-01 16:16:53 | INFO | User profile accessed: ID=7300593025, Action=ProfileView
2025-07-01 16:17:15 | INFO | User profile accessed: ID=7300593025, Action=ProfileView
2025-07-01 16:17:45 | INFO | User profile accessed: ID=7300593025, Action=ProfileView
2025-07-01 16:19:01 | INFO | User profile accessed: ID=7300593025, Action=ProfileView
2025-07-01 16:19:15 | INFO | Retrieved tarot history for user 7300593025
2025-07-01 16:19:15 | INFO | Retrieved tarot history for user 7300593025
2025-07-01 16:19:16 | INFO | User profile accessed: ID=7300593025, Action=ProfileView
2025-07-01 16:19:16 | INFO | User profile accessed: ID=7300593025, Action=ProfileView
2025-07-01 16:19:19 | INFO | User profile accessed: ID=7300593025, Action=ProfileView
2025-07-01 16:19:19 | INFO | User profile accessed: ID=7300593025, Action=ProfileView
2025-07-01 16:22:28 | INFO | User profile accessed: ID=7300593025, Action=ProfileView
2025-07-01 16:23:46 | INFO | User profile accessed: ID=7300593025, Action=ProfileView
2025-07-01 16:24:01 | INFO | User profile accessed: ID=7300593025, Action=ProfileView
2025-07-01 16:24:01 | INFO | User profile accessed: ID=7300593025, Action=ProfileView
2025-07-01 16:24:06 | INFO | Retrieved tarot history for user 7300593025
2025-07-01 16:24:06 | INFO | Retrieved tarot history for user 7300593025
2025-07-01 16:24:45 | INFO | User profile accessed: ID=7300593025, Action=ProfileView
2025-07-01 16:24:45 | INFO | User profile accessed: ID=7300593025, Action=ProfileView
2025-07-01 16:25:18 | INFO | User profile accessed: ID=7300593025, Action=ProfileView
2025-07-01 16:28:37 | INFO | User profile accessed: ID=7300593025, Action=ProfileView
2025-07-01 16:28:37 | INFO | User profile accessed: ID=7300593025, Action=ProfileView
2025-07-01 16:28:46 | INFO | User profile accessed: ID=7300593025, Action=ProfileView
2025-07-01 16:28:49 | INFO | User profile accessed: ID=7300593025, Action=ProfileView
2025-07-01 16:28:49 | INFO | User profile accessed: ID=7300593025, Action=ProfileView
2025-07-01 16:32:00 | INFO | User profile accessed: ID=7300593025, Action=ProfileView
2025-07-01 16:32:00 | INFO | User profile accessed: ID=7300593025, Action=ProfileView
2025-07-01 16:32:10 | INFO | User profile accessed: ID=7300593025, Action=ProfileView
2025-07-01 16:33:15 | INFO | User profile accessed: ID=7300593025, Action=ProfileView
2025-07-01 16:35:30 | INFO | User profile accessed: ID=7300593025, Action=ProfileView
2025-07-01 16:36:31 | INFO | User profile accessed: ID=7300593025, Action=ProfileView
2025-07-01 16:38:11 | INFO | Retrieved tarot history for user 7300593025
2025-07-01 16:38:11 | INFO | Retrieved tarot history for user 7300593025
2025-07-01 16:38:12 | INFO | User profile accessed: ID=7300593025, Action=ProfileView
2025-07-01 16:38:12 | INFO | User profile accessed: ID=7300593025, Action=ProfileView
2025-07-01 16:38:14 | INFO | User profile accessed: ID=7300593025, Action=ProfileView
2025-07-01 16:38:14 | INFO | User profile accessed: ID=7300593025, Action=ProfileView
2025-07-01 16:39:46 | INFO | User profile accessed: ID=7300593025, Action=ProfileView
2025-07-01 16:39:46 | INFO | User profile accessed: ID=7300593025, Action=ProfileView
2025-07-01 16:39:56 | INFO | Retrieved tarot history for user 7300593025
2025-07-01 16:39:56 | INFO | Retrieved tarot history for user 7300593025
2025-07-01 16:39:58 | INFO | Deleted history for user 7300593025, 0 records removed
2025-07-01 17:46:17 | INFO | User profile accessed: ID=7300593025, Action=ProfileView
2025-07-01 17:46:17 | INFO | User profile accessed: ID=7300593025, Action=ProfileView
2025-07-01 17:47:08 | INFO | User profile accessed: ID=7300593025, Action=ProfileView
2025-07-01 17:47:08 | INFO | User profile accessed: ID=7300593025, Action=ProfileView
2025-07-01 17:47:09 | INFO | Retrieved tarot history for user 7300593025
2025-07-01 17:47:09 | INFO | Retrieved tarot history for user 7300593025
2025-07-01 17:47:10 | INFO | User profile accessed: ID=7300593025, Action=ProfileView
2025-07-01 17:47:10 | INFO | User profile accessed: ID=7300593025, Action=ProfileView
2025-07-01 17:47:12 | INFO | User profile accessed: ID=7300593025, Action=ProfileView
2025-07-01 17:47:12 | INFO | User profile accessed: ID=7300593025, Action=ProfileView
2025-07-01 17:49:48 | INFO | User profile accessed: ID=7300593025, Action=ProfileView
2025-07-01 17:49:48 | INFO | User profile accessed: ID=7300593025, Action=ProfileView
2025-07-01 17:51:32 | INFO | User profile accessed: ID=7300593025, Action=ProfileView
2025-07-01 17:51:32 | INFO | User profile accessed: ID=7300593025, Action=ProfileView
2025-07-01 17:51:37 | INFO | User profile accessed: ID=7300593025, Action=ProfileView
2025-07-01 17:51:37 | INFO | User profile accessed: ID=7300593025, Action=ProfileView
2025-07-01 17:52:44 | INFO | User profile accessed: ID=7300593025, Action=ProfileView
2025-07-01 17:52:44 | INFO | User profile accessed: ID=7300593025, Action=ProfileView
2025-07-01 17:58:52 | INFO | User profile accessed: ID=7300593025, Action=ProfileView
2025-07-01 17:58:52 | INFO | User profile accessed: ID=7300593025, Action=ProfileView
2025-07-01 17:58:56 | INFO | User profile accessed: ID=7300593025, Action=ProfileView
2025-07-01 17:58:56 | INFO | User profile accessed: ID=7300593025, Action=ProfileView
2025-07-01 18:21:45 | INFO | User profile accessed: ID=7300593025, Action=ProfileView
2025-07-01 18:21:45 | INFO | User profile accessed: ID=7300593025, Action=ProfileView
2025-07-01 18:21:46 | INFO | Retrieved tarot history for user 7300593025
2025-07-01 18:21:46 | INFO | Retrieved tarot history for user 7300593025
2025-07-01 18:23:05 | INFO | User profile accessed: ID=7300593025, Action=ProfileView
2025-07-01 18:23:05 | INFO | User profile accessed: ID=7300593025, Action=ProfileView
2025-07-01 18:23:07 | INFO | User profile accessed: ID=7300593025, Action=ProfileView
2025-07-01 18:23:07 | INFO | User profile accessed: ID=7300593025, Action=ProfileView
2025-07-01 18:24:57 | INFO | Retrieved tarot history for user 7300593025
2025-07-01 18:24:57 | INFO | Retrieved tarot history for user 7300593025
2025-07-01 22:34:37 | INFO | User profile accessed: ID=7300593025, Action=ProfileView
2025-07-01 22:34:37 | INFO | User profile accessed: ID=7300593025, Action=ProfileView
2025-07-01 22:34:40 | INFO | User profile accessed: ID=7300593025, Action=ProfileView
2025-07-01 22:34:40 | INFO | User profile accessed: ID=7300593025, Action=ProfileView
2025-07-01 22:34:44 | INFO | User profile accessed: ID=7300593025, Action=ProfileView
2025-07-01 22:34:44 | INFO | User profile accessed: ID=7300593025, Action=ProfileView
2025-07-01 22:35:20 | INFO | User profile accessed: ID=7300593025, Action=ProfileView
2025-07-01 22:35:34 | INFO | User profile accessed: ID=7300593025, Action=ProfileView
2025-07-01 22:37:32 | INFO | User profile accessed: ID=7300593025, Action=ProfileView
2025-07-01 22:37:32 | INFO | User profile accessed: ID=7300593025, Action=ProfileView
2025-07-01 22:37:34 | INFO | User profile accessed: ID=7300593025, Action=ProfileView
2025-07-01 22:37:34 | INFO | User profile accessed: ID=7300593025, Action=ProfileView
2025-07-01 22:37:35 | INFO | Retrieved tarot history for user 7300593025
2025-07-01 22:37:35 | INFO | Retrieved tarot history for user 7300593025
2025-07-01 22:37:36 | INFO | User profile accessed: ID=7300593025, Action=ProfileView
2025-07-01 22:37:36 | INFO | User profile accessed: ID=7300593025, Action=ProfileView
2025-07-01 23:06:53 | INFO | Received /start command from Telegram ID 7300593025
2025-07-01 23:06:53 | INFO | User with Telegram ID 7300593025 already exists, skipping registration
2025-07-01 23:51:01 | INFO | User profile accessed: ID=7300593025, Action=ProfileView
2025-07-01 23:51:01 | INFO | User profile accessed: ID=7300593025, Action=ProfileView
2025-07-01 23:51:02 | INFO | Retrieved tarot history for user 7300593025
2025-07-01 23:51:02 | INFO | Retrieved tarot history for user 7300593025
2025-07-02 00:22:14 | INFO | User profile accessed: ID=7300593025, Action=ProfileView
2025-07-02 00:22:14 | INFO | User profile accessed: ID=7300593025, Action=ProfileView
2025-07-02 00:22:17 | INFO | Retrieved tarot history for user 7300593025
2025-07-02 00:22:17 | INFO | Retrieved tarot history for user 7300593025
2025-07-02 00:22:18 | INFO | User profile accessed: ID=7300593025, Action=ProfileView
2025-07-02 00:22:18 | INFO | User profile accessed: ID=7300593025, Action=ProfileView
2025-07-02 02:06:11 | INFO | User profile accessed: ID=7300593025, Action=ProfileView
2025-07-02 02:06:11 | INFO | User profile accessed: ID=7300593025, Action=ProfileView
2025-07-02 02:06:13 | INFO | Retrieved tarot history for user 7300593025
2025-07-02 02:06:13 | INFO | Retrieved tarot history for user 7300593025
2025-07-02 03:01:11 | INFO | Retrieved tarot history for user 7300593025
2025-07-02 03:01:11 | INFO | Retrieved tarot history for user 7300593025
2025-07-02 03:01:14 | INFO | User profile accessed: ID=7300593025, Action=ProfileView
2025-07-02 03:01:14 | INFO | User profile accessed: ID=7300593025, Action=ProfileView
