2025-07-07 00:37:59 | INFO | Received tarot-reveal request for user 7300593025 with data: cards=[4, 7, 1], readingType=Общее предсказание, timePeriods=['Прошлое', 'Настоящее', 'Будущее']
2025-07-07 00:37:59 | INFO | Sending AI prompt request with question: Интерпретируй карты Таро. Выбранные карты (индексы...
2025-07-07 00:38:00 | ERROR | No valid response choices from AI API
2025-07-07 00:38:00 | INFO | Tarot reveal interpretation generated for user 7300593025
2025-07-07 01:18:30 | INFO | Received coffee-interpret request for user 7300593025 with data: cards=[5, 8, 0], area=, readingType=Быстрое гадание
2025-07-07 01:18:30 | INFO | Sending AI prompt request with question: Интерпретируй символы кофейной гущи. Выбранные кар...
2025-07-07 01:18:31 | ERROR | No valid response choices from AI API
2025-07-07 01:18:31 | INFO | Coffee interpretation generated for user 7300593025
2025-07-07 01:48:41 | ERROR | Error creating Yookassa payment for user unknown: 404: Пользователь не найден
2025-07-07 01:53:32 | INFO | User profile accessed: ID=7300593025, Action=ProfileView
2025-07-07 01:53:32 | INFO | User profile accessed: ID=7300593025, Action=ProfileView
2025-07-07 01:53:42 | INFO | User profile accessed: ID=7300593025, Action=ProfileView
2025-07-07 01:53:42 | INFO | User profile accessed: ID=7300593025, Action=ProfileView
2025-07-07 01:54:30 | INFO | User profile accessed: ID=7300593025, Action=ProfileView
2025-07-07 01:54:30 | INFO | User profile accessed: ID=7300593025, Action=ProfileView
2025-07-07 01:55:41 | INFO | User profile accessed: ID=7300593025, Action=ProfileView
2025-07-07 01:55:57 | INFO | User profile accessed: ID=7300593025, Action=ProfileView
2025-07-07 01:56:18 | INFO | User profile accessed: ID=7300593025, Action=ProfileView
2025-07-07 01:56:57 | INFO | Autopayment updated for user 7300593025: disabled
2025-07-07 01:57:00 | INFO | Autopayment updated for user 7300593025: enabled
2025-07-07 01:57:01 | INFO | Autopayment updated for user 7300593025: disabled
2025-07-07 01:57:30 | INFO | User profile accessed: ID=7300593025, Action=ProfileView
2025-07-07 01:58:35 | INFO | Autopayment updated for user 7300593025: enabled
2025-07-07 01:58:37 | INFO | Autopayment updated for user 7300593025: disabled
2025-07-07 01:58:44 | INFO | Autopayment updated for user 7300593025: enabled
2025-07-07 01:59:06 | INFO | User profile accessed: ID=7300593025, Action=ProfileView
2025-07-07 01:59:06 | INFO | User profile accessed: ID=7300593025, Action=ProfileView
2025-07-07 02:04:44 | INFO | User profile accessed: ID=7300593025, Action=ProfileView
2025-07-07 02:04:44 | INFO | User profile accessed: ID=7300593025, Action=ProfileView
2025-07-07 02:04:50 | INFO | User profile accessed: ID=7300593025, Action=ProfileView
2025-07-07 02:04:50 | INFO | User profile accessed: ID=7300593025, Action=ProfileView
2025-07-07 02:11:55 | INFO | User history retrieved for user 7300593025 (placeholder data)
2025-07-07 02:11:55 | INFO | User history retrieved for user 7300593025 (placeholder data)
2025-07-07 02:12:38 | INFO | User history retrieved for user 7300593025 (placeholder data)
2025-07-07 02:15:42 | INFO | User history retrieved for user 7300593025 (placeholder data)
2025-07-07 02:15:58 | INFO | User history retrieved for user 7300593025 (placeholder data)
2025-07-07 02:21:47 | INFO | User profile accessed: ID=7300593025, Action=ProfileView
2025-07-07 02:21:47 | INFO | User profile accessed: ID=7300593025, Action=ProfileView
2025-07-07 02:21:48 | INFO | User history retrieved for user 7300593025 (placeholder data)
2025-07-07 02:21:48 | INFO | User history retrieved for user 7300593025 (placeholder data)
2025-07-07 02:23:08 | INFO | User history retrieved for user 7300593025 (placeholder data)
2025-07-07 02:23:24 | INFO | User history retrieved for user 7300593025 (placeholder data)
2025-07-07 02:24:05 | INFO | User profile accessed: ID=7300593025, Action=ProfileView
2025-07-07 02:24:05 | INFO | User profile accessed: ID=7300593025, Action=ProfileView
2025-07-07 02:24:06 | INFO | User history retrieved for user 7300593025 (placeholder data)
2025-07-07 02:24:06 | INFO | User history retrieved for user 7300593025 (placeholder data)
2025-07-07 02:24:14 | INFO | User history retrieved for user 7300593025 (placeholder data)
2025-07-07 02:24:14 | INFO | User history retrieved for user 7300593025 (placeholder data)
2025-07-07 14:46:04 | INFO | Received analyze request for user unknown with data: cards=[4, 0, 1, 3, 2], category=
2025-07-07 14:46:04 | INFO | Sending AI prompt request with question: Проанализируй ситуацию на основе выбранных карт (и...
2025-07-07 14:46:05 | ERROR | No valid response choices from AI API
2025-07-07 14:46:05 | INFO | Situation analysis generated for user unknown
2025-07-07 15:46:55 | INFO | Sending AI prompt request with question: Интерпретируй изображение кофейной гущи в контекст...
2025-07-07 15:46:56 | ERROR | No valid response choices from AI API
2025-07-07 15:46:56 | INFO | AI interpretation generated for coffee fortune with question: asdfasdfasd...
2025-07-07 15:46:56 | INFO | Coffee fortune completed for user 7300593025 with question: asdfasdfasd
2025-07-07 15:52:54 | INFO | Sending AI prompt request with question: Интерпретируй изображение кофейной гущи в контекст...
2025-07-07 15:52:55 | ERROR | No valid response choices from AI API
2025-07-07 15:52:55 | INFO | AI interpretation generated for coffee fortune with question: фывафывафыв...
2025-07-07 15:52:55 | INFO | Coffee fortune completed for user 7300593025 with question: фывафывафыв
2025-07-07 15:57:42 | INFO | User profile accessed: ID=7300593025, Action=ProfileView
2025-07-07 15:57:42 | INFO | User profile accessed: ID=7300593025, Action=ProfileView
2025-07-07 15:57:43 | INFO | User history retrieved for user 7300593025 (placeholder data)
2025-07-07 15:57:43 | INFO | User history retrieved for user 7300593025 (placeholder data)
2025-07-07 16:02:26 | INFO | User history retrieved for user 7300593025 (placeholder data)
2025-07-07 16:02:26 | INFO | User history retrieved for user 7300593025 (placeholder data)
2025-07-07 16:06:09 | INFO | User history retrieved for user 7300593025 (placeholder data)
2025-07-07 16:09:36 | INFO | User profile accessed: ID=7300593025, Action=ProfileView
2025-07-07 16:09:36 | INFO | User profile accessed: ID=7300593025, Action=ProfileView
2025-07-07 16:09:37 | INFO | User history retrieved for user 7300593025 (placeholder data)
2025-07-07 16:09:37 | INFO | User history retrieved for user 7300593025 (placeholder data)
2025-07-07 16:15:16 | INFO | User profile accessed: ID=7300593025, Action=ProfileView
2025-07-07 16:15:16 | INFO | User profile accessed: ID=7300593025, Action=ProfileView
2025-07-07 16:15:17 | INFO | User history retrieved for user 7300593025 (placeholder data)
2025-07-07 16:15:17 | INFO | User history retrieved for user 7300593025 (placeholder data)
2025-07-07 16:20:37 | INFO | User profile accessed: ID=7300593025, Action=ProfileView
2025-07-07 16:20:37 | INFO | User profile accessed: ID=7300593025, Action=ProfileView
2025-07-07 16:20:38 | INFO | User history retrieved for user 7300593025 (placeholder data)
2025-07-07 16:20:38 | INFO | User history retrieved for user 7300593025 (placeholder data)
2025-07-07 16:28:02 | INFO | User profile accessed: ID=7300593025, Action=ProfileView
2025-07-07 16:28:02 | INFO | User profile accessed: ID=7300593025, Action=ProfileView
2025-07-07 16:28:03 | INFO | User history retrieved for user 7300593025 (placeholder data)
2025-07-07 16:28:03 | INFO | User history retrieved for user 7300593025 (placeholder data)
2025-07-07 16:28:05 | INFO | User profile accessed: ID=7300593025, Action=ProfileView
2025-07-07 16:28:05 | INFO | User profile accessed: ID=7300593025, Action=ProfileView
2025-07-07 16:28:06 | INFO | User history retrieved for user 7300593025 (placeholder data)
2025-07-07 16:28:06 | INFO | User history retrieved for user 7300593025 (placeholder data)
2025-07-07 16:47:37 | INFO | User profile accessed: ID=7300593025, Action=ProfileView
2025-07-07 16:47:37 | INFO | User profile accessed: ID=7300593025, Action=ProfileView
2025-07-07 16:47:38 | INFO | User history retrieved for user 7300593025 (placeholder data)
2025-07-07 16:47:38 | INFO | User history retrieved for user 7300593025 (placeholder data)
2025-07-07 16:48:08 | INFO | User history retrieved for user 7300593025 (placeholder data)
2025-07-07 16:51:24 | INFO | User profile accessed: ID=7300593025, Action=ProfileView
2025-07-07 16:51:24 | INFO | User profile accessed: ID=7300593025, Action=ProfileView
2025-07-07 16:51:25 | INFO | User history retrieved for user 7300593025 (placeholder data)
2025-07-07 16:51:25 | INFO | User history retrieved for user 7300593025 (placeholder data)
2025-07-07 16:55:51 | INFO | User profile accessed: ID=7300593025, Action=ProfileView
2025-07-07 16:55:51 | INFO | User profile accessed: ID=7300593025, Action=ProfileView
2025-07-07 16:55:51 | INFO | User history retrieved for user 7300593025 (placeholder data)
2025-07-07 16:55:51 | INFO | User history retrieved for user 7300593025 (placeholder data)
2025-07-07 16:56:07 | INFO | User history retrieved for user 7300593025 (placeholder data)
2025-07-07 16:56:07 | INFO | User history retrieved for user 7300593025 (placeholder data)
2025-07-07 17:19:32 | INFO | User profile accessed: ID=7300593025, Action=ProfileView
2025-07-07 17:19:32 | INFO | User profile accessed: ID=7300593025, Action=ProfileView
2025-07-07 17:19:33 | INFO | User history retrieved for user 7300593025 (placeholder data)
2025-07-07 17:19:33 | INFO | User history retrieved for user 7300593025 (placeholder data)
2025-07-07 17:19:50 | INFO | User profile accessed: ID=7300593025, Action=ProfileView
2025-07-07 17:19:50 | INFO | User profile accessed: ID=7300593025, Action=ProfileView
2025-07-07 17:19:51 | INFO | User history retrieved for user 7300593025 (placeholder data)
2025-07-07 17:19:51 | INFO | User history retrieved for user 7300593025 (placeholder data)
2025-07-07 17:19:54 | INFO | User profile accessed: ID=7300593025, Action=ProfileView
2025-07-07 17:19:54 | INFO | User profile accessed: ID=7300593025, Action=ProfileView
2025-07-07 17:19:54 | INFO | User history retrieved for user 7300593025 (placeholder data)
2025-07-07 17:19:54 | INFO | User history retrieved for user 7300593025 (placeholder data)
2025-07-07 17:22:10 | INFO | User profile accessed: ID=7300593025, Action=ProfileView
2025-07-07 17:22:10 | INFO | User profile accessed: ID=7300593025, Action=ProfileView
2025-07-07 17:22:13 | ERROR | Error creating Yookassa payment for user unknown: 404: Пользователь не найден
2025-07-07 17:22:14 | ERROR | Error creating Yookassa payment for user unknown: 404: Пользователь не найден
2025-07-07 17:22:16 | ERROR | Error creating Yookassa payment for user unknown: 404: Пользователь не найден
2025-07-07 17:22:23 | INFO | User history retrieved for user 7300593025 (placeholder data)
2025-07-07 17:22:23 | INFO | User history retrieved for user 7300593025 (placeholder data)
